\BOOKMARK [0][-]{chapter.1}{\376\377\000I\000n\000t\000r\000o\000d\000u\000c\000c\000i\000\363\000n}{}% 1
\BOOKMARK [1][-]{section.1.1}{\376\377\000M\000o\000t\000i\000v\000a\000c\000i\000\363\000n}{chapter.1}% 2
\BOOKMARK [1][-]{section.1.2}{\376\377\000O\000b\000j\000e\000t\000i\000v\000o\000s\000\040\000d\000e\000l\000\040\000p\000r\000o\000y\000e\000c\000t\000o}{chapter.1}% 3
\BOOKMARK [1][-]{section.1.3}{\376\377\000E\000s\000t\000r\000u\000c\000t\000u\000r\000a\000\040\000d\000e\000l\000\040\000d\000o\000c\000u\000m\000e\000n\000t\000o}{chapter.1}% 4
\BOOKMARK [0][-]{chapter.2}{\376\377\000P\000l\000a\000n\000i\000f\000i\000c\000a\000c\000i\000\363\000n}{}% 5
\BOOKMARK [1][-]{section.2.1}{\376\377\000F\000a\000s\000e\000s}{chapter.2}% 6
\BOOKMARK [2][-]{subsection.2.1.1}{\376\377\000F\000a\000s\000e\000\040\000i\000n\000i\000c\000i\000a\000l}{section.2.1}% 7
\BOOKMARK [2][-]{subsection.2.1.2}{\376\377\000F\000a\000s\000e\000\040\000d\000e\000\040\000i\000n\000v\000e\000s\000t\000i\000g\000a\000c\000i\000\363\000n}{section.2.1}% 8
\BOOKMARK [2][-]{subsection.2.1.3}{\376\377\000F\000a\000s\000e\000\040\000d\000e\000\040\000a\000n\000\341\000l\000i\000s\000i\000s}{section.2.1}% 9
\BOOKMARK [2][-]{subsection.2.1.4}{\376\377\000F\000a\000s\000e\000\040\000d\000e\000\040\000d\000i\000s\000e\000\361\000o}{section.2.1}% 10
\BOOKMARK [2][-]{subsection.2.1.5}{\376\377\000F\000a\000s\000e\000\040\000d\000e\000\040\000d\000e\000s\000a\000r\000r\000o\000l\000l\000o}{section.2.1}% 11
\BOOKMARK [2][-]{subsection.2.1.6}{\376\377\000R\000e\000d\000a\000c\000c\000i\000\363\000n\000\040\000d\000e\000\040\000l\000a\000\040\000m\000e\000m\000o\000r\000i\000a}{section.2.1}% 12
\BOOKMARK [2][-]{subsection.2.1.7}{\376\377\000D\000i\000a\000g\000r\000a\000m\000a\000\040\000d\000e\000\040\000G\000a\000n\000t\000t}{section.2.1}% 13
\BOOKMARK [1][-]{section.2.2}{\376\377\000P\000r\000e\000s\000u\000p\000u\000e\000s\000t\000o}{chapter.2}% 14
\BOOKMARK [2][-]{subsection.2.2.1}{\376\377\000R\000e\000c\000u\000r\000s\000o\000s}{section.2.2}% 15
\BOOKMARK [2][-]{subsection.2.2.2}{\376\377\000C\000o\000s\000t\000e\000s}{section.2.2}% 16
\BOOKMARK [0][-]{chapter.3}{\376\377\000E\000s\000t\000a\000d\000o\000\040\000d\000e\000l\000\040\000a\000r\000t\000e}{}% 17
\BOOKMARK [1][-]{section.3.1}{\376\377\000D\000e\000f\000i\000n\000i\000c\000i\000\363\000n\000\040\000d\000e\000\040\000u\000n\000\040\000n\000e\000g\000o\000c\000i\000o\000\040\000m\000i\000n\000o\000r\000i\000s\000t\000a}{chapter.3}% 18
\BOOKMARK [1][-]{section.3.2}{\376\377\000E\000s\000t\000u\000d\000i\000o\000\040\000d\000e\000\040\000l\000o\000s\000\040\000p\000e\000q\000u\000e\000\361\000o\000s\000\040\000n\000e\000g\000o\000c\000i\000o\000s\000\040\000m\000i\000x\000t\000o\000s}{chapter.3}% 19
\BOOKMARK [1][-]{section.3.3}{\376\377\000E\000s\000t\000u\000d\000i\000o\000\040\000d\000e\000\040\000c\000o\000m\000e\000r\000c\000i\000a\000n\000t\000e\000s\000\040\000m\000i\000n\000o\000r\000i\000s\000t\000a\000s}{chapter.3}% 20
\BOOKMARK [1][-]{section.3.4}{\376\377\000E\000s\000t\000u\000d\000i\000o\000\040\000d\000e\000\040\000u\000s\000a\000b\000i\000l\000i\000d\000a\000d\000\040\000y\000\040\000a\000c\000c\000e\000s\000i\000b\000i\000l\000i\000d\000a\000d}{chapter.3}% 21
\BOOKMARK [2][-]{subsection.3.4.1}{\376\377\000E\000s\000t\000u\000d\000i\000o\000\040\000d\000e\000\040\000u\000s\000a\000b\000i\000l\000i\000d\000a\000d}{section.3.4}% 22
\BOOKMARK [2][-]{subsection.3.4.2}{\376\377\000E\000s\000t\000u\000d\000i\000o\000\040\000d\000e\000\040\000a\000c\000c\000e\000s\000i\000b\000i\000l\000i\000d\000a\000d}{section.3.4}% 23
\BOOKMARK [1][-]{section.3.5}{\376\377\000L\000e\000g\000i\000s\000l\000a\000c\000i\000\363\000n\000\040\000a\000c\000t\000u\000a\000l\000\040\000d\000e\000\040\000p\000r\000o\000t\000e\000c\000c\000i\000\363\000n\000\040\000d\000e\000\040\000d\000a\000t\000o\000s}{chapter.3}% 24
\BOOKMARK [1][-]{section.3.6}{\376\377\000A\000p\000l\000i\000c\000a\000c\000i\000o\000n\000e\000s\000\040\000s\000i\000m\000i\000l\000a\000r\000e\000s\000\040\000y\000\040\000c\000o\000m\000p\000a\000r\000a\000t\000i\000v\000a\000s}{chapter.3}% 25
\BOOKMARK [2][-]{subsection.3.6.1}{\376\377\000m\000y\000G\000E\000S\000T\000I\000\323\000N}{section.3.6}% 26
\BOOKMARK [2][-]{subsection.3.6.2}{\376\377\000C\000l\000o\000v\000e\000r}{section.3.6}% 27
\BOOKMARK [0][-]{chapter.4}{\376\377\000A\000n\000\341\000l\000i\000s\000i\000s\000\040\000d\000e\000\040\000t\000e\000c\000n\000o\000l\000o\000g\000\355\000a\000s\000\040\000a\000\040\000u\000t\000i\000l\000i\000z\000a\000r}{}% 28
\BOOKMARK [1][-]{section.4.1}{\376\377\000D\000i\000s\000p\000o\000s\000i\000t\000i\000v\000o\000\040\000d\000e\000s\000t\000i\000n\000o\000\040\000p\000a\000r\000a\000\040\000l\000a\000\040\000a\000p\000l\000i\000c\000a\000c\000i\000\363\000n}{chapter.4}% 29
\BOOKMARK [1][-]{section.4.2}{\376\377\000T\000e\000c\000n\000o\000l\000o\000g\000\355\000a\000\040\000d\000e\000\040\000d\000o\000c\000u\000m\000e\000n\000t\000a\000c\000i\000\363\000n}{chapter.4}% 30
\BOOKMARK [2][-]{subsection.4.2.1}{\376\377\000D\000e\000s\000c\000r\000i\000p\000c\000i\000\363\000n\000\040\000d\000e\000\040\000L\000a\000T\000e\000X}{section.4.2}% 31
\BOOKMARK [1][-]{section.4.3}{\376\377\000T\000e\000c\000n\000o\000l\000o\000g\000\355\000a\000\040\000p\000a\000r\000a\000\040\000l\000a\000\040\000r\000e\000a\000l\000i\000z\000a\000c\000i\000\363\000n\000\040\000d\000e\000\040\000l\000o\000s\000\040\000d\000i\000a\000g\000r\000a\000m\000a\000s\000\040\000d\000e\000\040\000c\000a\000s\000o\000s\000\040\000d\000e\000\040\000u\000s\000o}{chapter.4}% 32
\BOOKMARK [2][-]{subsection.4.3.1}{\376\377\000D\000e\000s\000c\000r\000i\000p\000c\000i\000\363\000n\000\040\000d\000e\000\040\000V\000i\000s\000u\000a\000l\000\040\000P\000a\000r\000a\000d\000i\000g\000m}{section.4.3}% 33
\BOOKMARK [1][-]{section.4.4}{\376\377\000T\000e\000c\000n\000o\000l\000o\000g\000\355\000a\000\040\000p\000a\000r\000a\000\040\000e\000l\000\040\000d\000i\000s\000e\000\361\000o\000\040\000d\000e\000\040\000l\000o\000s\000\040\000b\000o\000c\000e\000t\000o\000s}{chapter.4}% 34
\BOOKMARK [2][-]{subsection.4.4.1}{\376\377\000D\000e\000s\000c\000r\000i\000p\000c\000i\000\363\000n\000\040\000d\000e\000\040\000G\000o\000o\000d\000n\000o\000t\000e\000s}{section.4.4}% 35
\BOOKMARK [1][-]{section.4.5}{\376\377\000M\000e\000t\000o\000d\000o\000l\000o\000g\000\355\000a\000\040\000d\000e\000\040\000d\000e\000s\000a\000r\000r\000o\000l\000l\000o\000\040\000d\000e\000\040\000l\000a\000\040\000a\000p\000l\000i\000c\000a\000c\000i\000\363\000n}{chapter.4}% 36
\BOOKMARK [2][-]{subsection.4.5.1}{\376\377\000D\000e\000s\000c\000r\000i\000p\000c\000i\000\363\000n\000\040\000d\000e\000\040\000m\000e\000t\000o\000d\000o\000l\000o\000g\000\355\000a\000\040\000i\000t\000e\000r\000a\000t\000i\000v\000a}{section.4.5}% 37
\BOOKMARK [1][-]{section.4.6}{\376\377\000T\000e\000c\000n\000o\000l\000o\000g\000\355\000a\000\040\000d\000e\000\040\000s\000o\000p\000o\000r\000t\000e\000\040\000d\000e\000\040\000l\000a\000\040\000b\000a\000s\000e\000\040\000d\000e\000\040\000d\000a\000t\000o\000s}{chapter.4}% 38
\BOOKMARK [2][-]{subsection.4.6.1}{\376\377\000D\000e\000s\000c\000r\000i\000p\000c\000i\000\363\000n\000\040\000d\000e\000\040\000S\000u\000p\000a\000b\000a\000s\000e}{section.4.6}% 39
\BOOKMARK [1][-]{section.4.7}{\376\377\000F\000r\000a\000m\000e\000w\000o\000r\000k\000\040\000d\000e\000\040\000d\000e\000s\000a\000r\000r\000o\000l\000l\000o}{chapter.4}% 40
\BOOKMARK [2][-]{subsection.4.7.1}{\376\377\000D\000e\000s\000c\000r\000i\000p\000c\000i\000\363\000n\000\040\000d\000e\000\040\000F\000l\000u\000t\000t\000e\000r}{section.4.7}% 41
\BOOKMARK [0][-]{chapter.5}{\376\377\000A\000n\000\341\000l\000i\000s\000i\000s\000\040\000d\000e\000\040\000l\000a\000\040\000a\000p\000l\000i\000c\000a\000c\000i\000\363\000n}{}% 42
\BOOKMARK [1][-]{section.5.1}{\376\377\000E\000s\000p\000e\000c\000i\000f\000i\000c\000a\000c\000i\000\363\000n\000\040\000d\000e\000\040\000r\000e\000q\000u\000i\000s\000i\000t\000o\000s}{chapter.5}% 43
\BOOKMARK [2][-]{subsection.5.1.1}{\376\377\000R\000e\000q\000u\000i\000s\000i\000t\000o\000s\000\040\000f\000u\000n\000c\000i\000o\000n\000a\000l\000e\000s}{section.5.1}% 44
\BOOKMARK [2][-]{subsection.5.1.2}{\376\377\000R\000e\000q\000u\000i\000s\000i\000t\000o\000s\000\040\000n\000o\000\040\000f\000u\000n\000c\000i\000o\000n\000a\000l\000e\000s}{section.5.1}% 45
\BOOKMARK [1][-]{section.5.2}{\376\377\000M\000o\000d\000e\000l\000o\000s\000\040\000d\000e\000\040\000c\000a\000s\000o\000\040\000d\000e\000\040\000u\000s\000o}{chapter.5}% 46
\BOOKMARK [2][-]{subsection.5.2.1}{\376\377\000D\000i\000a\000g\000r\000a\000m\000a\000\040\000d\000e\000\040\000c\000a\000s\000o\000s\000\040\000d\000e\000\040\000u\000s\000o}{section.5.2}% 47
\BOOKMARK [2][-]{subsection.5.2.2}{\376\377\000D\000e\000s\000c\000r\000i\000p\000c\000i\000\363\000n\000\040\000d\000e\000\040\000c\000a\000s\000o\000s\000\040\000d\000e\000\040\000u\000s\000o}{section.5.2}% 48
\BOOKMARK [1][-]{section.5.3}{\376\377\000M\000o\000d\000e\000l\000o\000\040\000c\000o\000n\000c\000e\000p\000t\000u\000a\000l}{chapter.5}% 49
\BOOKMARK [1][-]{section.5.4}{\376\377\000M\000o\000d\000e\000l\000o\000s\000\040\000d\000e\000\040\000c\000o\000m\000p\000o\000r\000t\000a\000m\000i\000e\000n\000t\000o}{chapter.5}% 50
\BOOKMARK [2][-]{subsection.5.4.1}{\376\377\000A\000p\000e\000r\000t\000u\000r\000a\000\040\000y\000\040\000c\000i\000e\000r\000r\000a\000\040\000d\000e\000\040\000s\000e\000s\000i\000\363\000n}{section.5.4}% 51
\BOOKMARK [0][-]{chapter.6}{\376\377\000D\000i\000s\000e\000\361\000o}{}% 52
\BOOKMARK [1][-]{section.6.1}{\376\377\000D\000i\000a\000g\000r\000a\000m\000a\000\040\000d\000e\000\040\000l\000a\000\040\000a\000r\000q\000u\000i\000t\000e\000c\000t\000u\000r\000a\000\040\000d\000e\000l\000\040\000s\000i\000s\000t\000e\000m\000a}{chapter.6}% 53
\BOOKMARK [1][-]{section.6.2}{\376\377\000D\000i\000s\000e\000\361\000o\000\040\000d\000e\000\040\000l\000a\000\040\000i\000n\000t\000e\000r\000f\000a\000z\000\040\000g\000r\000\341\000f\000i\000c\000a}{chapter.6}% 54
\BOOKMARK [2][-]{subsection.6.2.1}{\376\377\000P\000a\000n\000t\000a\000l\000l\000a\000\040\000d\000e\000\040\000i\000n\000i\000c\000i\000o\000\040\000d\000e\000\040\000s\000e\000s\000i\000\363\000n}{section.6.2}% 55
\BOOKMARK [2][-]{subsection.6.2.2}{\376\377\000P\000a\000n\000t\000a\000l\000l\000a\000\040\000p\000r\000i\000n\000c\000i\000p\000a\000l}{section.6.2}% 56
\BOOKMARK [2][-]{subsection.6.2.3}{\376\377\000P\000a\000n\000t\000a\000l\000l\000a\000\040\000d\000e\000\040\000c\000l\000i\000e\000n\000t\000e\000s}{section.6.2}% 57
\BOOKMARK [2][-]{subsection.6.2.4}{\376\377\000P\000a\000n\000t\000a\000l\000l\000a\000\040\000d\000e\000\040\000a\000r\000t\000\355\000c\000u\000l\000o\000s}{section.6.2}% 58
\BOOKMARK [2][-]{subsection.6.2.5}{\376\377\000P\000a\000n\000t\000a\000l\000l\000a\000\040\000d\000e\000\040\000m\000o\000v\000i\000m\000i\000e\000n\000t\000o\000s}{section.6.2}% 59
\BOOKMARK [2][-]{subsection.6.2.6}{\376\377\000P\000a\000n\000t\000a\000l\000l\000a\000\040\000d\000e\000\040\000g\000r\000\341\000f\000i\000c\000o\000s\000\040\000y\000\040\000c\000i\000e\000r\000r\000e\000\040\000d\000e\000\040\000s\000e\000s\000i\000\363\000n}{section.6.2}% 60
\BOOKMARK [0][-]{chapter.7}{\376\377\000D\000i\000v\000i\000s\000i\000\363\000n\000\040\000e\000n\000\040\000i\000t\000e\000r\000a\000c\000i\000o\000n\000e\000s}{}% 61
\BOOKMARK [1][-]{section.7.1}{\376\377\000P\000r\000i\000m\000e\000r\000a\000\040\000i\000t\000e\000r\000a\000c\000i\000\363\000n}{chapter.7}% 62
\BOOKMARK [2][-]{subsection.7.1.1}{\376\377\000A\000l\000c\000a\000n\000c\000e\000\040\000d\000e\000\040\000l\000a\000\040\000i\000t\000e\000r\000a\000c\000i\000\363\000n}{section.7.1}% 63
\BOOKMARK [2][-]{subsection.7.1.2}{\376\377\000I\000m\000p\000l\000e\000m\000e\000n\000t\000a\000c\000i\000\363\000n}{section.7.1}% 64
\BOOKMARK [2][-]{subsection.7.1.3}{\376\377\000P\000r\000u\000e\000b\000a\000s\000\040\000d\000e\000\040\000f\000u\000n\000c\000i\000o\000n\000a\000l\000i\000d\000a\000d}{section.7.1}% 65
\BOOKMARK [2][-]{subsection.7.1.4}{\376\377\000R\000e\000v\000i\000s\000i\000\363\000n\000\040\000d\000e\000\040\000l\000a\000\040\000i\000t\000e\000r\000a\000c\000i\000\363\000n}{section.7.1}% 66
\BOOKMARK [2][-]{subsection.7.1.5}{\376\377\000P\000l\000a\000n\000\040\000p\000a\000r\000a\000\040\000l\000a\000\040\000p\000r\000\363\000x\000i\000m\000a\000\040\000i\000t\000e\000r\000a\000c\000i\000\363\000n}{section.7.1}% 67
\BOOKMARK [1][-]{section.7.2}{\376\377\000S\000e\000g\000u\000n\000d\000a\000\040\000i\000t\000e\000r\000a\000c\000i\000\363\000n}{chapter.7}% 68
\BOOKMARK [2][-]{subsection.7.2.1}{\376\377\000A\000l\000c\000a\000n\000c\000e\000\040\000d\000e\000\040\000l\000a\000\040\000i\000t\000e\000r\000a\000c\000i\000\363\000n}{section.7.2}% 69
\BOOKMARK [2][-]{subsection.7.2.2}{\376\377\000I\000m\000p\000l\000e\000m\000e\000n\000t\000a\000c\000i\000\363\000n}{section.7.2}% 70
\BOOKMARK [2][-]{subsection.7.2.3}{\376\377\000P\000r\000u\000e\000b\000a\000s\000\040\000d\000e\000\040\000f\000u\000n\000c\000i\000o\000n\000a\000l\000i\000d\000a\000d}{section.7.2}% 71
\BOOKMARK [2][-]{subsection.7.2.4}{\376\377\000R\000e\000v\000i\000s\000i\000\363\000n\000\040\000d\000e\000\040\000l\000a\000\040\000i\000t\000e\000r\000a\000c\000i\000\363\000n}{section.7.2}% 72
\BOOKMARK [2][-]{subsection.7.2.5}{\376\377\000P\000l\000a\000n\000\040\000p\000a\000r\000a\000\040\000l\000a\000\040\000p\000r\000\363\000x\000i\000m\000a\000\040\000i\000t\000e\000r\000a\000c\000i\000\363\000n}{section.7.2}% 73
\BOOKMARK [1][-]{section.7.3}{\376\377\000T\000e\000r\000c\000e\000r\000a\000\040\000i\000t\000e\000r\000a\000c\000i\000\363\000n}{chapter.7}% 74
\BOOKMARK [2][-]{subsection.7.3.1}{\376\377\000A\000l\000c\000a\000n\000c\000e\000\040\000d\000e\000\040\000l\000a\000\040\000i\000t\000e\000r\000a\000c\000i\000\363\000n}{section.7.3}% 75
\BOOKMARK [2][-]{subsection.7.3.2}{\376\377\000P\000a\000n\000t\000a\000l\000l\000a\000\040\000d\000e\000\040\000g\000r\000\341\000f\000i\000c\000o\000s}{section.7.3}% 76
\BOOKMARK [2][-]{subsection.7.3.3}{\376\377\000M\000e\000j\000o\000r\000a\000\040\000d\000e\000\040\000l\000a\000\040\000i\000n\000t\000e\000r\000f\000a\000z\000\040\000g\000r\000\341\000f\000i\000c\000a\000\040\000y\000\040\000l\000a\000\040\000a\000c\000c\000e\000s\000i\000b\000i\000l\000i\000d\000a\000d}{section.7.3}% 77
\BOOKMARK [2][-]{subsection.7.3.4}{\376\377\000C\000o\000l\000o\000r\000e\000s\000\040\000d\000e\000\040\000l\000a\000\040\000a\000p\000l\000i\000c\000a\000c\000i\000\363\000n}{section.7.3}% 78
\BOOKMARK [2][-]{subsection.7.3.5}{\376\377\000P\000r\000u\000e\000b\000a\000s\000\040\000d\000e\000\040\000f\000u\000n\000c\000i\000o\000n\000a\000l\000i\000d\000a\000d}{section.7.3}% 79
\BOOKMARK [2][-]{subsection.7.3.6}{\376\377\000R\000e\000v\000i\000s\000i\000\363\000n\000\040\000d\000e\000\040\000l\000a\000\040\000i\000t\000e\000r\000a\000c\000i\000\363\000n}{section.7.3}% 80
\BOOKMARK [0][-]{chapter.8}{\376\377\000B\000a\000s\000e\000\040\000d\000e\000\040\000d\000a\000t\000o\000s\000\040\000e\000\040\000i\000m\000p\000l\000e\000m\000e\000n\000t\000a\000c\000i\000\363\000n}{}% 81
\BOOKMARK [1][-]{section.8.1}{\376\377\000C\000r\000e\000a\000c\000i\000\363\000n\000\040\000y\000\040\000m\000o\000d\000i\000f\000i\000c\000a\000c\000i\000o\000n\000e\000s\000\040\000d\000e\000\040\000l\000a\000\040\000b\000a\000s\000e\000\040\000d\000e\000\040\000d\000a\000t\000o\000s}{chapter.8}% 82
\BOOKMARK [2][-]{subsection.8.1.1}{\376\377\000C\000r\000e\000a\000c\000i\000\363\000n\000\040\000d\000e\000\040\000l\000a\000\040\000b\000a\000s\000e\000\040\000d\000e\000\040\000d\000a\000t\000o\000s}{section.8.1}% 83
\BOOKMARK [2][-]{subsection.8.1.2}{\376\377\000T\000a\000b\000l\000a\000s\000\040\000d\000e\000\040\000l\000a\000\040\000b\000a\000s\000e\000\040\000d\000e\000\040\000d\000a\000t\000o\000s}{section.8.1}% 84
\BOOKMARK [2][-]{subsection.8.1.3}{\376\377\000M\000o\000d\000i\000f\000i\000c\000a\000c\000i\000o\000n\000e\000s\000\040\000i\000n\000t\000e\000r\000m\000e\000d\000i\000a\000s\000\040\000d\000e\000\040\000l\000a\000\040\000b\000a\000s\000e\000\040\000d\000e\000\040\000d\000a\000t\000o\000s}{section.8.1}% 85
\BOOKMARK [2][-]{subsection.8.1.4}{\376\377\000D\000i\000a\000g\000r\000a\000m\000a\000\040\000f\000i\000n\000a\000l\000\040\000d\000e\000l\000\040\000d\000i\000s\000e\000\361\000o\000\040\000d\000e\000\040\000l\000a\000\040\000b\000a\000s\000e\000\040\000d\000e\000\040\000d\000a\000t\000o\000s}{section.8.1}% 86
\BOOKMARK [1][-]{section.8.2}{\376\377\000D\000i\000a\000g\000r\000a\000m\000a\000\040\000d\000e\000\040\000c\000l\000a\000s\000e\000s}{chapter.8}% 87
\BOOKMARK [0][-]{chapter.9}{\376\377\000C\000o\000n\000c\000l\000u\000s\000i\000o\000n\000e\000s\000\040\000y\000\040\000t\000r\000a\000b\000a\000j\000o\000s\000\040\000f\000u\000t\000u\000r\000o\000s}{}% 88
\BOOKMARK [1][-]{section.9.1}{\376\377\000C\000o\000n\000c\000l\000u\000s\000i\000o\000n\000e\000s}{chapter.9}% 89
\BOOKMARK [1][-]{section.9.2}{\376\377\000T\000r\000a\000b\000a\000j\000o\000s\000\040\000f\000u\000t\000u\000r\000o\000s}{chapter.9}% 90
\BOOKMARK [0][-]{appendix.Alph1}{\376\377\000D\000e\000s\000c\000r\000i\000p\000c\000i\000\363\000n\000\040\000d\000e\000\040\000c\000a\000s\000o\000s\000\040\000d\000e\000\040\000u\000s\000o}{}% 91
\BOOKMARK [0][-]{appendix.Alph2}{\376\377\000D\000i\000a\000g\000r\000a\000m\000a\000s\000\040\000d\000e\000\040\000s\000e\000c\000u\000e\000n\000c\000i\000a}{}% 92
\BOOKMARK [1][-]{subsection.Alph2.0.1}{\376\377\000A\000p\000e\000r\000t\000u\000r\000a\000\040\000y\000\040\000c\000i\000e\000r\000r\000a\000\040\000d\000e\000\040\000s\000e\000s\000i\000\363\000n}{appendix.Alph2}% 93
\BOOKMARK [2][-]{subsection.Alph2.0.2}{\376\377\000G\000e\000s\000t\000i\000\363\000n\000\040\000d\000e\000\040\000a\000r\000t\000\355\000c\000u\000l\000o\000s}{subsection.Alph2.0.1}% 94
\BOOKMARK [2][-]{subsection.Alph2.0.3}{\376\377\000G\000e\000s\000t\000i\000\363\000n\000\040\000d\000e\000\040\000i\000n\000v\000e\000n\000t\000a\000r\000i\000o}{subsection.Alph2.0.1}% 95
\BOOKMARK [2][-]{subsection.Alph2.0.4}{\376\377\000G\000e\000s\000t\000i\000\363\000n\000\040\000d\000e\000\040\000c\000l\000i\000e\000n\000t\000e\000s}{subsection.Alph2.0.1}% 96
\BOOKMARK [2][-]{subsection.Alph2.0.5}{\376\377\000G\000e\000s\000t\000i\000\363\000n\000\040\000d\000e\000\040\000m\000o\000v\000i\000m\000i\000e\000n\000t\000o\000s}{subsection.Alph2.0.1}% 97
\BOOKMARK [2][-]{subsection.Alph2.0.6}{\376\377\000G\000e\000s\000t\000i\000\363\000n\000\040\000d\000e\000\040\000r\000e\000s\000\372\000m\000e\000n\000e\000s\000\040\000y\000\040\000g\000r\000\341\000f\000i\000c\000a\000s}{subsection.Alph2.0.1}% 98
\BOOKMARK [1][-]{figure.Alph2.29}{\376\377\000R\000e\000f\000e\000r\000e\000n\000c\000i\000a\000s}{appendix.Alph2}% 99
